{
  "RSpec": {
    "coverage": {
      "/Users/student/projects/bookmarks_ellen/app.rb": {
        "lines": [
          1,
          1,
          null,
          1,
          null,
          1,
          1,
          1,
          null,
          null,
          1,
          3,
          3,
          3,
          null,
          null,
          1,
          1,
          1,
          1,
          1,
          null,
          null,
          1,
          1,
          1,
          null,
          null
        ]
      },
      "/Users/student/projects/bookmarks_ellen/lib/bookmark.rb": {
        "lines": [
          1,
          null,
          1,
          1,
          null,
          1,
          6,
          6,
          null,
          null,
          1,
          null,
          5,
          5,
          9,
          null,
          null,
          0,
          null,
          5,
          null,
          5,
          null,
          null,
          1,
          null,
          2,
          2,
          0,
          0,
          null,
          2,
          null,
          null,
          null
        ]
      },
      "/Users/student/projects/bookmarks_ellen/spec/test_database_manager.rb": {
        "lines": [
          1,
          null,
          1,
          1,
          null,
          7,
          7,
          null,
          0,
          null,
          7,
          null,
          null,
          null
        ]
      },
      "/Users/student/projects/bookmarks_ellen/spec/features/adding_bookmarks_spec.rb": {
        "lines": [
          1,
          2,
          2,
          null,
          1,
          1,
          1,
          1,
          1,
          1,
          1,
          1,
          1,
          null,
          null
        ]
      },
      "/Users/student/projects/bookmarks_ellen/spec/features/controller_spec.rb": {
        "lines": [
          1,
          1,
          1,
          1,
          null,
          null
        ]
      },
      "/Users/student/projects/bookmarks_ellen/spec/features/viewing_bookmarks_spec.rb": {
        "lines": [
          1,
          2,
          2,
          2,
          2,
          null,
          null,
          1,
          null,
          1,
          1,
          null,
          null,
          null,
          null,
          null,
          null,
          0,
          null,
          1,
          null,
          null,
          1,
          1,
          1,
          1,
          1,
          null,
          null
        ]
      },
      "/Users/student/projects/bookmarks_ellen/spec/units/bookmark_spec.rb": {
        "lines": [
          1,
          null,
          1,
          4,
          4,
          null,
          1,
          1,
          null,
          null,
          1,
          1,
          1,
          1,
          1,
          null,
          null,
          1,
          3,
          null,
          1,
          1,
          null,
          null,
          1,
          1,
          null,
          null,
          null
        ]
      }
    },
    "timestamp": 1602242663
  }
}
